
> new-client@0.1.0 build
> react-scripts build

Creating an optimized production build...
Compiled with warnings.

[eslint] 
src/common/gameRunner.js
  Line 6:9:   'Player' is assigned a value but never used    no-unused-vars
  Line 7:9:   'Controls' is assigned a value but never used  no-unused-vars
  Line 11:9:  'KEY' is assigned a value but never used       no-unused-vars

src/common/rope.js
  Line 107:14:  Expected '!==' and instead saw '!='  eqeqeq
  Line 213:13:  Expected '===' and instead saw '=='  eqeqeq

src/pages/joinOnline/JoinOnline.jsx
  Line 9:7:    'Crate' is assigned a value but never used                                                                                                                                                                                                                                               no-unused-vars
  Line 10:7:   'game' is assigned a value but never used                                                                                                                                                                                                                                                no-unused-vars
  Line 13:7:   'GAME_CONSTANTS' is assigned a value but never used                                                                                                                                                                                                                                      no-unused-vars
  Line 29:14:  Assignments to the 'socket' variable from inside React Hook useEffect will be lost after each render. To preserve the value over time, store it in a useRef Hook and keep the mutable value in the '.current' property. Otherwise, you can move this variable directly inside useEffect  react-hooks/exhaustive-deps
  Line 63:11:  'context' is assigned a value but never used                                                                                                                                                                                                                                             no-unused-vars
  Line 64:11:  'width' is assigned a value but never used                                                                                                                                                                                                                                               no-unused-vars
  Line 65:11:  'height' is assigned a value but never used                                                                                                                                                                                                                                              no-unused-vars

src/pages/practice/Practice.jsx
  Line 7:7:    'Crate' is assigned a value but never used           no-unused-vars
  Line 8:7:    'game' is assigned a value but never used            no-unused-vars
  Line 34:7:   'GAME_CONSTANTS' is assigned a value but never used  no-unused-vars
  Line 57:11:  'context' is assigned a value but never used         no-unused-vars
  Line 58:11:  'width' is assigned a value but never used           no-unused-vars
  Line 59:11:  'height' is assigned a value but never used          no-unused-vars

src/pages/splitScreen/SplitScreen.jsx
  Line 10:7:   'Crate' is assigned a value but never used           no-unused-vars
  Line 11:7:   'game' is assigned a value but never used            no-unused-vars
  Line 14:7:   'GAME_CONSTANTS' is assigned a value but never used  no-unused-vars
  Line 37:11:  'context' is assigned a value but never used         no-unused-vars
  Line 38:11:  'width' is assigned a value but never used           no-unused-vars
  Line 39:11:  'height' is assigned a value but never used          no-unused-vars

Search for the keywords to learn more about each warning.
To ignore, add // eslint-disable-next-line to the line before.

File sizes after gzip:

  64.08 kB  build/static/js/main.59ff9879.js
  1.78 kB   build/static/js/787.8cde08db.chunk.js
  720 B     build/static/css/main.e834551c.css

The project was built assuming it is hosted at ./.
You can control this with the homepage field in your package.json.

The build folder is ready to be deployed.

Find out more about deployment here:

  https://cra.link/deployment

